[LOGGING] Loaded: utils.bots.ActivityManager-2.cogs.tally
[LOGGING] Loaded: utils.bots.StaffInformationBot.cogs.tag
[LOGGING] Loaded: utils.bots.StaffInformationBot.cogs.ticketv2
[LOGGING] Loaded: utils.bots.TutorVC.cogs.vcUpdateNEW
[LOGGING] Loaded: utils.bots.TutorVC.cogs.vcCommands
[LOGGING] Loaded: utils.bots.RoleSync.cogs.JSONViewer
[LOGGING] Loaded: utils.events.taskLoop
[LOGGING] Loaded: utils.events.rolecheck
[LOGGING] Loaded: utils.events.on_command_error
Preparing Loop...
Logged in as: School Simplified
[94mCONNECTED TO DISCORD[0m
[93mCurrent Discord.py Version: 1.6.0[0m
[93mCurrent Time: 2021-06-11 12:21:03.949759[0m
[LOGGING] Loaded: utils.bots.ActivityManager-2.cogs.tally
[LOGGING] Loaded: utils.bots.StaffInformationBot.cogs.tag
[LOGGING] Loaded: utils.bots.StaffInformationBot.cogs.ticketv2
[LOGGING] Loaded: utils.bots.TutorVC.cogs.vcUpdateNEW
[LOGGING] Loaded: utils.bots.TutorVC.cogs.vcCommands
[LOGGING] Loaded: utils.bots.RoleSync.cogs.JSONViewer
[LOGGING] Loaded: utils.events.taskLoop
[LOGGING] Loaded: utils.events.rolecheck
[LOGGING] Loaded: utils.events.on_command_error
Preparing Loop...
Logged in as: School Simplified
[94mCONNECTED TO DISCORD[0m
[93mCurrent Discord.py Version: 1.6.0[0m
[93mCurrent Time: 2021-06-11 12:20:43.234179[0m
